Using pre-set license
Built from '2020.3/staging' branch; Version is '2020.3.26f1 (7298b473bc1a) revision 7510196'; Using compiler version '192528614'; Build Type 'Release'
OS: 'Windows 10  (10.0.19042) 64bit Core' Language: 'zh' Physical Memory: 16298 MB
BatchMode: 1, IsHumanControllingUs: 0, StartBugReporterOnCrash: 0, Is64bit: 1, IsPro: 0

COMMAND LINE ARGUMENTS:
C:\Program Files\Unity\Hub\Editor\2020.3.26f1\Editor\Unity.exe
-adb2
-batchMode
-noUpm
-name
AssetImportWorker0
-projectPath
D:/UnityProjects/Haru Vtuber
-logFile
Logs/AssetImportWorker0.log
-srvPort
52628
Successfully changed project path to: D:/UnityProjects/Haru Vtuber
D:/UnityProjects/Haru Vtuber
Using Asset Import Pipeline V2.
Refreshing native plugins compatible for Editor in 46.93 ms, found 3 plugins.
Preloading 0 native plugins for Editor in 0.00 ms.
Initialize engine version: 2020.3.26f1 (7298b473bc1a)
[Subsystems] Discovering subsystems at path C:/Program Files/Unity/Hub/Editor/2020.3.26f1/Editor/Data/Resources/UnitySubsystems
[Subsystems] Discovering subsystems at path D:/UnityProjects/Haru Vtuber/Assets
GfxDevice: creating device client; threaded=0
Direct3D:
    Version:  Direct3D 11.0 [level 11.1]
    Renderer: NVIDIA GeForce RTX 2060 (ID=0x1f08)
    Vendor:   
    VRAM:     5980 MB
    Driver:   30.0.15.1123
Initialize mono
Mono path[0] = 'C:/Program Files/Unity/Hub/Editor/2020.3.26f1/Editor/Data/Managed'
Mono path[1] = 'C:/Program Files/Unity/Hub/Editor/2020.3.26f1/Editor/Data/MonoBleedingEdge/lib/mono/unityjit'
Mono config path = 'C:/Program Files/Unity/Hub/Editor/2020.3.26f1/Editor/Data/MonoBleedingEdge/etc'
Using monoOptions --debugger-agent=transport=dt_socket,embedding=1,server=y,suspend=n,address=127.0.0.1:56336
Begin MonoManager ReloadAssembly
Registering precompiled unity dll's ...
Register platform support module: C:/Program Files/Unity/Hub/Editor/2020.3.26f1/Editor/Data/PlaybackEngines/WebGLSupport/UnityEditor.WebGL.Extensions.dll
Register platform support module: C:/Program Files/Unity/Hub/Editor/2020.3.26f1/Editor/Data/PlaybackEngines/WindowsStandaloneSupport/UnityEditor.WindowsStandalone.Extensions.dll
Registered in 0.002911 seconds.
Native extension for WindowsStandalone target not found
Native extension for WebGL target not found
Refreshing native plugins compatible for Editor in 33.78 ms, found 3 plugins.
Preloading 0 native plugins for Editor in 0.00 ms.
Mono: successfully reloaded assembly
- Completed reload, in  0.514 seconds
Domain Reload Profiling:
	ReloadAssembly (514ms)
		BeginReloadAssembly (61ms)
			ExecutionOrderSort (0ms)
			DisableScriptedObjects (0ms)
			BackupInstance (0ms)
			ReleaseScriptingObjects (0ms)
			CreateAndSetChildDomain (1ms)
		EndReloadAssembly (385ms)
			LoadAssemblies (60ms)
			RebuildTransferFunctionScriptingTraits (0ms)
			SetupTypeCache (135ms)
			ReleaseScriptCaches (0ms)
			RebuildScriptCaches (26ms)
			SetupLoadedEditorAssemblies (139ms)
				LogAssemblyErrors (0ms)
				InitializePlatformSupportModulesInManaged (4ms)
				SetLoadedEditorAssemblies (0ms)
				RefreshPlugins (34ms)
				BeforeProcessingInitializeOnLoad (8ms)
				ProcessInitializeOnLoadAttributes (68ms)
				ProcessInitializeOnLoadMethodAttributes (24ms)
				AfterProcessingInitializeOnLoad (0ms)
				EditorAssembliesLoaded (0ms)
			ExecutionOrderSort2 (0ms)
			AwakeInstancesAfterBackupRestoration (0ms)
Platform modules already initialized, skipping
Registering precompiled user dll's ...
Registered in 0.006838 seconds.
Begin MonoManager ReloadAssembly
Native extension for WindowsStandalone target not found
Native extension for WebGL target not found
Refreshing native plugins compatible for Editor in 0.54 ms, found 3 plugins.
Preloading 0 native plugins for Editor in 0.00 ms.
Mono: successfully reloaded assembly
- Completed reload, in  0.891 seconds
Domain Reload Profiling:
	ReloadAssembly (892ms)
		BeginReloadAssembly (137ms)
			ExecutionOrderSort (0ms)
			DisableScriptedObjects (5ms)
			BackupInstance (0ms)
			ReleaseScriptingObjects (0ms)
			CreateAndSetChildDomain (16ms)
		EndReloadAssembly (701ms)
			LoadAssemblies (91ms)
			RebuildTransferFunctionScriptingTraits (0ms)
			SetupTypeCache (248ms)
			ReleaseScriptCaches (1ms)
			RebuildScriptCaches (38ms)
			SetupLoadedEditorAssemblies (255ms)
				LogAssemblyErrors (0ms)
				InitializePlatformSupportModulesInManaged (5ms)
				SetLoadedEditorAssemblies (0ms)
				RefreshPlugins (1ms)
				BeforeProcessingInitializeOnLoad (68ms)
				ProcessInitializeOnLoadAttributes (167ms)
				ProcessInitializeOnLoadMethodAttributes (9ms)
				AfterProcessingInitializeOnLoad (6ms)
				EditorAssembliesLoaded (0ms)
			ExecutionOrderSort2 (0ms)
			AwakeInstancesAfterBackupRestoration (5ms)
Platform modules already initialized, skipping
========================================================================
Worker process is ready to serve import requests
Launched and connected shader compiler UnityShaderCompiler.exe after 0.05 seconds
Refreshing native plugins compatible for Editor in 0.53 ms, found 3 plugins.
Preloading 0 native plugins for Editor in 0.00 ms.
Unloading 1698 Unused Serialized files (Serialized files now loaded: 0)
System memory in use before: 146.6 MB.
System memory in use after: 146.7 MB.

Unloading 37 unused Assets to reduce memory usage. Loaded Objects now: 2118.
Total: 2.742800 ms (FindLiveObjects: 0.183200 ms CreateObjectMapping: 0.041100 ms MarkObjects: 2.438600 ms  DeleteObjects: 0.079000 ms)

AssetImportParameters requested are different than current active one (requested -> active):
  custom:framework-win-MediaFoundation: 216162199b28c13a410421893ffa2e32 -> 
  custom:video-decoder-ogg-theora: a1e56fd34408186e4bbccfd4996cb3dc -> 
  custom:container-muxer-webm: aa71ff27fc2769a1b78a27578f13a17b -> 
  custom:container-demuxer-webm: 4f35f7cbe854078d1ac9338744f61a02 -> 
  custom:container-demuxer-ogg: 62fdf1f143b41e24485cea50d1cbac27 -> 
  custom:video-encoder-webm-vp8: eb34c28f22e8b96e1ab97ce403110664 -> 
  custom:video-decoder-webm-vp8: 9c59270c3fd7afecdb556c50c9e8de78 -> 
  custom:audio-decoder-ogg-vorbis: bf7c407c2cedff20999df2af8eb42d56 -> 
  custom:audio-encoder-webm-vorbis: bf7c407c2cedff20999df2af8eb42d56 -> 
========================================================================
Received Import Request.
  path: Assets/haru/Scripts/HaruGlobalConnectValue.cs
  artifactKey: Guid(323130fc541d395409e850020148f41a) Importer(815301076,1909f56bfc062723c751e8b465ee728b)
Start importing Assets/haru/Scripts/HaruGlobalConnectValue.cs using Guid(323130fc541d395409e850020148f41a) Importer(815301076,1909f56bfc062723c751e8b465ee728b)  -> (artifact id: 'c20bae3a41da42a4d0ff56c8aaab482c') in 0.031738 seconds 
  Import took 0.034892 seconds .

========================================================================
Received Import Request.
  Time since last request: 156.465272 seconds.
  path: Assets/haru/Scripts/Haru_PYR.cs
  artifactKey: Guid(8f27c788d5d42a247b1c546c40280db6) Importer(815301076,1909f56bfc062723c751e8b465ee728b)
Start importing Assets/haru/Scripts/Haru_PYR.cs using Guid(8f27c788d5d42a247b1c546c40280db6) Importer(815301076,1909f56bfc062723c751e8b465ee728b)  -> (artifact id: 'a41fac559680b801f5cddb6c90966826') in 0.003107 seconds 
  Import took 0.005990 seconds .

========================================================================
Received Import Request.
  Time since last request: 0.657378 seconds.
  path: Assets/haru/Scripts/HaruConnectTCP.cs
  artifactKey: Guid(67b34aafd568c73439587d6c3595a531) Importer(815301076,1909f56bfc062723c751e8b465ee728b)
Start importing Assets/haru/Scripts/HaruConnectTCP.cs using Guid(67b34aafd568c73439587d6c3595a531) Importer(815301076,1909f56bfc062723c751e8b465ee728b)  -> (artifact id: '17ef35edd55d27089e287a6d59281b60') in 0.005332 seconds 
  Import took 0.007999 seconds .

========================================================================
Received Import Request.
  Time since last request: 0.577355 seconds.
  path: Assets/haru/Scripts/HaruExpression.cs
  artifactKey: Guid(ebd1d5770ebfa164e97525d19e09eb53) Importer(815301076,1909f56bfc062723c751e8b465ee728b)
Start importing Assets/haru/Scripts/HaruExpression.cs using Guid(ebd1d5770ebfa164e97525d19e09eb53) Importer(815301076,1909f56bfc062723c751e8b465ee728b)  -> (artifact id: '23ce3a580f78f428fa7520cc090d0809') in 0.005553 seconds 
  Import took 0.008175 seconds .

========================================================================
Received Import Request.
  Time since last request: 77.829974 seconds.
  path: Assets/haru/runtime/motion/haru_normal_01.anim
  artifactKey: Guid(be8c52d34117a794dabd3ffdc97c39d3) Importer(815301076,1909f56bfc062723c751e8b465ee728b)
Start importing Assets/haru/runtime/motion/haru_normal_01.anim using Guid(be8c52d34117a794dabd3ffdc97c39d3) Importer(815301076,1909f56bfc062723c751e8b465ee728b)  -> (artifact id: 'bf77e668b1e1de1d9b64ea0a71ec1478') in 0.019618 seconds 
  Import took 0.022385 seconds .

========================================================================
Received Import Request.
  Time since last request: 1.472717 seconds.
  path: Assets/haru/runtime/motion/haru_m_10.anim
  artifactKey: Guid(af2da86c9b39fe24b8f9189595daa319) Importer(815301076,1909f56bfc062723c751e8b465ee728b)
Start importing Assets/haru/runtime/motion/haru_m_10.anim using Guid(af2da86c9b39fe24b8f9189595daa319) Importer(815301076,1909f56bfc062723c751e8b465ee728b)  -> (artifact id: '64d325eab95255065aee26f576a9f9d7') in 0.004824 seconds 
  Import took 0.022318 seconds .

========================================================================
Received Import Request.
  Time since last request: 0.766935 seconds.
  path: Assets/haru/runtime/motion/haru_m_09.anim
  artifactKey: Guid(1e1d7ce2d8d46634982a46a28a0b87d1) Importer(815301076,1909f56bfc062723c751e8b465ee728b)
Start importing Assets/haru/runtime/motion/haru_m_09.anim using Guid(1e1d7ce2d8d46634982a46a28a0b87d1) Importer(815301076,1909f56bfc062723c751e8b465ee728b)  -> (artifact id: '8f032ade2fefeaa14d8f72c18820800d') in 0.007180 seconds 
  Import took 0.009921 seconds .

========================================================================
Received Import Request.
  Time since last request: 0.660097 seconds.
  path: Assets/haru/runtime/motion/haru_m_09.fade.asset
  artifactKey: Guid(34773a175e497ab4c96fa8bb04f8c88a) Importer(815301076,1909f56bfc062723c751e8b465ee728b)
Start importing Assets/haru/runtime/motion/haru_m_09.fade.asset using Guid(34773a175e497ab4c96fa8bb04f8c88a) Importer(815301076,1909f56bfc062723c751e8b465ee728b)  -> (artifact id: 'f8b48168aea88c53928069f68e3eaae0') in 0.018279 seconds 
  Import took 0.020943 seconds .

AssetImportWorkerClient::OnTransportError - code=2 error=End of file
